<?xml version="1.0" encoding="UTF-8" ?>
<testsuite tests="15" failures="1" name="com.qait.Domestic.automation.tests.EOLDomesticReceiveInfo_nocourse_Test" time="83.737" errors="0" skipped="10">
  <properties>
[...]
</properties>
  <testcase classname="com.qait.Domestic.automation.tests.EOLDomesticReceiveInfo_nocourse_Test" name="setup" time="10.327"/>
  <testcase classname="com.qait.Domestic.automation.tests.EOLDomesticReceiveInfo_nocourse_Test" name="launchHomePage" time="8.817"/>
  <testcase classname="com.qait.Domestic.automation.tests.EOLDomesticReceiveInfo_nocourse_Test" name="homePageactions" time="18.844"/>
  <testcase classname="com.qait.Domestic.automation.tests.EOLDomesticReceiveInfo_nocourse_Test" name="getNumberOfCourseAvailable" time="13.973"/>
  <testcase classname="com.qait.Domestic.automation.tests.EOLDomesticReceiveInfo_nocourse_Test" name="selectCourseFromAvailableCourses" time="30.058">
    <failure message="Unable to locate element: {&quot;method&quot;:&quot;xpath&quot;,&quot;selector&quot;:&quot;//select[@id=&apos;ctl00_ctl00_MasterContentPlaceHolder_NestedMasterContentPlaceHolder_Form_ddlProgram&apos;]&quot;}
Command duration or timeout: 30.02 seconds
For documentation on this error, please visit: http://seleniumhq.org/exceptions/no_such_element.html
Build info: version: &apos;2.47.1&apos;, revision: &apos;unknown&apos;, time: &apos;2015-07-30 11:02:44&apos;
System info: host: &apos;HPDA0172&apos;, ip: &apos;10.0.9.16&apos;, os.name: &apos;Windows 7&apos;, os.arch: &apos;x86&apos;, os.version: &apos;6.1&apos;, java.version: &apos;1.8.0_51&apos;
Driver info: org.openqa.selenium.firefox.FirefoxDriver
Capabilities [{applicationCacheEnabled=true, rotatable=false, handlesAlerts=true, databaseEnabled=true, version=40.0.3, platform=WINDOWS, nativeEvents=false, acceptSslCerts=true, webStorageEnabled=true, locationContextEnabled=true, browserName=firefox, takesScreenshot=true, javascriptEnabled=true, cssSelectorsEnabled=true}]
Session ID: eee7cb82-b295-4a6b-af50-d23d53eaf485
*** Element info: {Using=xpath, value=//select[@id=&apos;ctl00_ctl00_MasterContentPlaceHolder_NestedMasterContentPlaceHolder_Form_ddlProgram&apos;]}" type="org.openqa.selenium.NoSuchElementException">org.openqa.selenium.NoSuchElementException: Unable to locate element: {&quot;method&quot;:&quot;xpath&quot;,&quot;selector&quot;:&quot;//select[@id=&apos;ctl00_ctl00_MasterContentPlaceHolder_NestedMasterContentPlaceHolder_Form_ddlProgram&apos;]&quot;}
Command duration or timeout: 30.02 seconds
For documentation on this error, please visit: http://seleniumhq.org/exceptions/no_such_element.html
Build info: version: &apos;2.47.1&apos;, revision: &apos;unknown&apos;, time: &apos;2015-07-30 11:02:44&apos;
System info: host: &apos;HPDA0172&apos;, ip: &apos;10.0.9.16&apos;, os.name: &apos;Windows 7&apos;, os.arch: &apos;x86&apos;, os.version: &apos;6.1&apos;, java.version: &apos;1.8.0_51&apos;
Driver info: org.openqa.selenium.firefox.FirefoxDriver
Capabilities [{applicationCacheEnabled=true, rotatable=false, handlesAlerts=true, databaseEnabled=true, version=40.0.3, platform=WINDOWS, nativeEvents=false, acceptSslCerts=true, webStorageEnabled=true, locationContextEnabled=true, browserName=firefox, takesScreenshot=true, javascriptEnabled=true, cssSelectorsEnabled=true}]
Session ID: eee7cb82-b295-4a6b-af50-d23d53eaf485
*** Element info: {Using=xpath, value=//select[@id=&apos;ctl00_ctl00_MasterContentPlaceHolder_NestedMasterContentPlaceHolder_Form_ddlProgram&apos;]}
	at sun.reflect.NativeConstructorAccessorImpl.newInstance0(Native Method)
	at sun.reflect.NativeConstructorAccessorImpl.newInstance(NativeConstructorAccessorImpl.java:62)
	at sun.reflect.DelegatingConstructorAccessorImpl.newInstance(DelegatingConstructorAccessorImpl.java:45)
	at java.lang.reflect.Constructor.newInstance(Constructor.java:422)
	at org.openqa.selenium.remote.ErrorHandler.createThrowable(ErrorHandler.java:206)
	at org.openqa.selenium.remote.ErrorHandler.throwIfResponseFailed(ErrorHandler.java:158)
	at org.openqa.selenium.remote.RemoteWebDriver.execute(RemoteWebDriver.java:595)
	at org.openqa.selenium.remote.RemoteWebDriver.findElement(RemoteWebDriver.java:348)
	at org.openqa.selenium.remote.RemoteWebDriver.findElementByXPath(RemoteWebDriver.java:445)
	at org.openqa.selenium.By$ByXPath.findElement(By.java:358)
	at org.openqa.selenium.remote.RemoteWebDriver.findElement(RemoteWebDriver.java:340)
	at com.qait.Domestic.automation.pageobjects.EOLDomesticReceiveInfo_nocourse_UI.selectCourseFromPannFosterPage(EOLDomesticReceiveInfo_nocourse_UI.java:493)
	at com.qait.Domestic.automation.fixture.EOLDomesticReceiveInfo_nocourse_Fixture.selectCourse(EOLDomesticReceiveInfo_nocourse_Fixture.java:19)
	at com.qait.Domestic.automation.tests.EOLDomesticReceiveInfo_nocourse_Test.selectCourseFromAvailableCourses(EOLDomesticReceiveInfo_nocourse_Test.java:102)
Caused by: org.openqa.selenium.NoSuchElementException: Unable to locate element: {&quot;method&quot;:&quot;xpath&quot;,&quot;selector&quot;:&quot;//select[@id=&apos;ctl00_ctl00_MasterContentPlaceHolder_NestedMasterContentPlaceHolder_Form_ddlProgram&apos;]&quot;}
For documentation on this error, please visit: http://seleniumhq.org/exceptions/no_such_element.html
Build info: version: &apos;2.47.1&apos;, revision: &apos;unknown&apos;, time: &apos;2015-07-30 11:02:44&apos;
System info: host: &apos;HPDA0172&apos;, ip: &apos;10.0.9.16&apos;, os.name: &apos;Windows 7&apos;, os.arch: &apos;x86&apos;, os.version: &apos;6.1&apos;, java.version: &apos;1.8.0_51&apos;
Driver info: driver.version: unknown
	at &lt;anonymous class&gt;.FirefoxDriver.prototype.findElementInternal_(file:///C:/Users/TANUJK~1/AppData/Local/Temp/anonymous2466152230690949426webdriver-profile/extensions/fxdriver@googlecode.com/components/driver-component.js:10667)
	at &lt;anonymous class&gt;.fxdriver.Timer.prototype.setTimeout/&lt;.notify(file:///C:/Users/TANUJK~1/AppData/Local/Temp/anonymous2466152230690949426webdriver-profile/extensions/fxdriver@googlecode.com/components/driver-component.js:623)
</failure>
    <system-out>Yaml file not found!!!
java.lang.NullPointerException
</system-out>
  </testcase>
  <testcase classname="com.qait.Domestic.automation.tests.EOLDomesticReceiveInfo_nocourse_Test" name="verifyElementsDisplayOnStep1EnrollmentProcess" time="30.058">
    <skipped/>
  </testcase>
  <testcase classname="com.qait.Domestic.automation.tests.EOLDomesticReceiveInfo_nocourse_Test" name="enterStudentInformationOnStep1Page" time="30.058">
    <skipped/>
  </testcase>
  <testcase classname="com.qait.Domestic.automation.tests.EOLDomesticReceiveInfo_nocourse_Test" name="redirectToThankYouPageAndClickEnrollOnLine" time="30.058">
    <skipped/>
  </testcase>
  <testcase classname="com.qait.Domestic.automation.tests.EOLDomesticReceiveInfo_nocourse_Test" name="verifyElementDisplayOnPersonalInformationPage" time="30.058">
    <skipped/>
  </testcase>
  <testcase classname="com.qait.Domestic.automation.tests.EOLDomesticReceiveInfo_nocourse_Test" name="enterRemaningInformationOnPersonalInformatoinPage" time="30.058">
    <skipped/>
  </testcase>
  <testcase classname="com.qait.Domestic.automation.tests.EOLDomesticReceiveInfo_nocourse_Test" name="verifyredirectToPaymentInformationPage" time="30.058">
    <skipped/>
  </testcase>
  <testcase classname="com.qait.Domestic.automation.tests.EOLDomesticReceiveInfo_nocourse_Test" name="verifyElementsDisplayOnPaymentInformation" time="30.058">
    <skipped/>
  </testcase>
  <testcase classname="com.qait.Domestic.automation.tests.EOLDomesticReceiveInfo_nocourse_Test" name="verifyElementsDisplayOnReviewAndSubmitPage" time="30.058">
    <skipped/>
  </testcase>
  <testcase classname="com.qait.Domestic.automation.tests.EOLDomesticReceiveInfo_nocourse_Test" name="verifyEditButtonOnReviewAndSubmit" time="30.058">
    <skipped/>
  </testcase>
  <testcase classname="com.qait.Domestic.automation.tests.EOLDomesticReceiveInfo_nocourse_Test" name="verifyandClickOnTermAndComtitionsDisplayOnReviewandSubmitPage" time="30.058">
    <skipped/>
  </testcase>
</testsuite>