<?xml version="1.0" encoding="UTF-8"?>
<testng-results skipped="0" failed="0" total="1" passed="1">
  <reporter-output>
  </reporter-output>
  <suite name="com.qait.automation.report.ResultsIT" duration-ms="2928" started-at="2015-09-01T09:48:05Z" finished-at="2015-09-01T09:48:08Z">
    <groups>
    </groups>
    <test name="Command line test" duration-ms="2928" started-at="2015-09-01T09:48:05Z" finished-at="2015-09-01T09:48:08Z">
      <class name="com.qait.automation.report.ResultsIT">
        <test-method status="PASS" signature="setupMailConfig()[pri:0, instance:com.qait.automation.report.ResultsIT@5d012c]" name="setupMailConfig" is-config="true" duration-ms="13" started-at="2015-09-01T15:18:05Z" finished-at="2015-09-01T15:18:05Z">
          <reporter-output>
          </reporter-output>
        </test-method> <!-- setupMailConfig -->
        <test-method status="PASS" signature="sendResultsMail()[pri:0, instance:com.qait.automation.report.ResultsIT@5d012c]" name="sendResultsMail" duration-ms="2900" started-at="2015-09-01T15:18:05Z" finished-at="2015-09-01T15:18:08Z">
          <reporter-output>
          </reporter-output>
        </test-method> <!-- sendResultsMail -->
      </class> <!-- com.qait.automation.report.ResultsIT -->
    </test> <!-- Command line test -->
  </suite> <!-- com.qait.automation.report.ResultsIT -->
</testng-results>
